<?xml version="1.0" encoding="UTF-8"?>
<testsuite name="com.example.commonlibrary.CommonLibraryApplicationTests" tests="1" skipped="0" failures="0" errors="0" timestamp="2025-08-11T05:05:16.086Z" hostname="seoyunhoui-MacBookPro.local" time="0.005">
  <properties/>
  <testcase name="contextLoads()" classname="com.example.commonlibrary.CommonLibraryApplicationTests" time="0.005"/>
  <system-out><![CDATA[]]></system-out>
  <system-err><![CDATA[]]></system-err>
</testsuite>
